<?xml version="1.0" encoding="UTF-8"?>
<!-- Generated by org.testng.reporters.JUnitReportReporter -->
<testsuite hostname="Namita-PC" name="com.booktopia.tests.BooktopiaTests" tests="1" failures="0" timestamp="6 Sep 2019 12:40:59 GMT" time="27.692" errors="0">
  <testcase name="BooktopiaHome" time="27.692" classname="com.booktopia.tests.BooktopiaTests"/>
</testsuite> <!-- com.booktopia.tests.BooktopiaTests -->
